<?xml version="1.0" encoding="UTF-8"?>
<testsuite xmlns:xsi="http://www.w3.org/2001/XMLSchema-instance" xsi:noNamespaceSchemaLocation="https://maven.apache.org/surefire/maven-surefire-plugin/xsd/surefire-test-report.xsd" name="com.nabati.runner.TestRunner" time="89.314" tests="3" errors="1" skipped="0" failures="0">
  <properties>
[...]
</properties>
  <testcase name="Successful Login Using Number Phone" classname="User Login" time="16.963"/>
  <testcase name="Successful Login Using Email" classname="User Login" time="8.759">
    <error message="move target out of bounds&#10;  (Session info: chrome=122.0.6261.112)&#10;Build info: version: &apos;4.18.1&apos;, revision: &apos;b1d3319b48&apos;&#10;System info: os.name: &apos;Windows 10&apos;, os.arch: &apos;amd64&apos;, os.version: &apos;10.0&apos;, java.version: &apos;21.0.2&apos;&#10;Driver info: org.openqa.selenium.chrome.ChromeDriver&#10;Command: [f1f1800e6ddfa6898e321d28c53f6813, actions {actions=[org.openqa.selenium.interactions.Sequence@70e29e14]}]&#10;Capabilities {acceptInsecureCerts: false, browserName: chrome, browserVersion: 122.0.6261.112, chrome: {chromedriverVersion: 122.0.6261.111 (9d4c1072da6..., userDataDir: C:\Users\user\AppData\Local...}, fedcm:accounts: true, goog:chromeOptions: {debuggerAddress: localhost:51974}, networkConnectionEnabled: false, pageLoadStrategy: normal, platformName: windows, proxy: Proxy(), se:cdp: ws://localhost:51974/devtoo..., se:cdpVersion: 122.0.6261.112, setWindowRect: true, strictFileInteractability: false, timeouts: {implicit: 0, pageLoad: 300000, script: 30000}, unhandledPromptBehavior: dismiss and notify, webauthn:extension:credBlob: true, webauthn:extension:largeBlob: true, webauthn:extension:minPinLength: true, webauthn:extension:prf: true, webauthn:virtualAuthenticators: true}&#10;Session ID: f1f1800e6ddfa6898e321d28c53f6813" type="org.openqa.selenium.interactions.MoveTargetOutOfBoundsException">org.openqa.selenium.interactions.MoveTargetOutOfBoundsException: 
move target out of bounds
  (Session info: chrome=122.0.6261.112)
Build info: version: '4.18.1', revision: 'b1d3319b48'
System info: os.name: 'Windows 10', os.arch: 'amd64', os.version: '10.0', java.version: '21.0.2'
Driver info: org.openqa.selenium.chrome.ChromeDriver
Command: [f1f1800e6ddfa6898e321d28c53f6813, actions {actions=[org.openqa.selenium.interactions.Sequence@70e29e14]}]
Capabilities {acceptInsecureCerts: false, browserName: chrome, browserVersion: 122.0.6261.112, chrome: {chromedriverVersion: 122.0.6261.111 (9d4c1072da6..., userDataDir: C:\Users\user\AppData\Local...}, fedcm:accounts: true, goog:chromeOptions: {debuggerAddress: localhost:51974}, networkConnectionEnabled: false, pageLoadStrategy: normal, platformName: windows, proxy: Proxy(), se:cdp: ws://localhost:51974/devtoo..., se:cdpVersion: 122.0.6261.112, setWindowRect: true, strictFileInteractability: false, timeouts: {implicit: 0, pageLoad: 300000, script: 30000}, unhandledPromptBehavior: dismiss and notify, webauthn:extension:credBlob: true, webauthn:extension:largeBlob: true, webauthn:extension:minPinLength: true, webauthn:extension:prf: true, webauthn:virtualAuthenticators: true}
Session ID: f1f1800e6ddfa6898e321d28c53f6813
</error>
  </testcase>
  <testcase name="Login Using Number Phone Result Failed" classname="User Login" time="62.928"/>
</testsuite>